Performing C SOURCE FILE Test CMAKE_HAVE_LIBC_PTHREAD failed with the following output:
Change Dir: /lhome/micmink/fad/repos/github/udacity_robotics/localization/project/catkin_ws/build/CMakeFiles/CMakeTmp

Run Build Command(s):/usr/bin/make -f Makefile cmTC_834ce/fast && /usr/bin/make  -f CMakeFiles/cmTC_834ce.dir/build.make CMakeFiles/cmTC_834ce.dir/build
make[1]: Entering directory '/lhome/micmink/fad/repos/github/udacity_robotics/localization/project/catkin_ws/build/CMakeFiles/CMakeTmp'
Building C object CMakeFiles/cmTC_834ce.dir/src.c.o
/usr/bin/cc -DCMAKE_HAVE_LIBC_PTHREAD   -o CMakeFiles/cmTC_834ce.dir/src.c.o -c /lhome/micmink/fad/repos/github/udacity_robotics/localization/project/catkin_ws/build/CMakeFiles/CMakeTmp/src.c
Linking C executable cmTC_834ce
/usr/local/bin/cmake -E cmake_link_script CMakeFiles/cmTC_834ce.dir/link.txt --verbose=1
/usr/bin/cc -rdynamic CMakeFiles/cmTC_834ce.dir/src.c.o -o cmTC_834ce 
CMakeFiles/cmTC_834ce.dir/src.c.o: In function `main':
src.c:(.text+0x3e): undefined reference to `pthread_create'
src.c:(.text+0x4a): undefined reference to `pthread_detach'
src.c:(.text+0x56): undefined reference to `pthread_cancel'
src.c:(.text+0x67): undefined reference to `pthread_join'
src.c:(.text+0x7b): undefined reference to `pthread_atfork'
collect2: error: ld returned 1 exit status
CMakeFiles/cmTC_834ce.dir/build.make:98: recipe for target 'cmTC_834ce' failed
make[1]: *** [cmTC_834ce] Error 1
make[1]: Leaving directory '/lhome/micmink/fad/repos/github/udacity_robotics/localization/project/catkin_ws/build/CMakeFiles/CMakeTmp'
Makefile:127: recipe for target 'cmTC_834ce/fast' failed
make: *** [cmTC_834ce/fast] Error 2


Source file was:
#include <pthread.h>

static void* test_func(void* data)
{
  return data;
}

int main(void)
{
  pthread_t thread;
  pthread_create(&thread, NULL, test_func, NULL);
  pthread_detach(thread);
  pthread_cancel(thread);
  pthread_join(thread, NULL);
  pthread_atfork(NULL, NULL, NULL);
  pthread_exit(NULL);

  return 0;
}

Determining if the function pthread_create exists in the pthreads failed with the following output:
Change Dir: /lhome/micmink/fad/repos/github/udacity_robotics/localization/project/catkin_ws/build/CMakeFiles/CMakeTmp

Run Build Command(s):/usr/bin/make -f Makefile cmTC_d8f2b/fast && /usr/bin/make  -f CMakeFiles/cmTC_d8f2b.dir/build.make CMakeFiles/cmTC_d8f2b.dir/build
make[1]: Entering directory '/lhome/micmink/fad/repos/github/udacity_robotics/localization/project/catkin_ws/build/CMakeFiles/CMakeTmp'
Building C object CMakeFiles/cmTC_d8f2b.dir/CheckFunctionExists.c.o
/usr/bin/cc   -DCHECK_FUNCTION_EXISTS=pthread_create -o CMakeFiles/cmTC_d8f2b.dir/CheckFunctionExists.c.o -c /usr/local/share/cmake-3.20/Modules/CheckFunctionExists.c
Linking C executable cmTC_d8f2b
/usr/local/bin/cmake -E cmake_link_script CMakeFiles/cmTC_d8f2b.dir/link.txt --verbose=1
/usr/bin/cc  -DCHECK_FUNCTION_EXISTS=pthread_create -rdynamic CMakeFiles/cmTC_d8f2b.dir/CheckFunctionExists.c.o -o cmTC_d8f2b  -lpthreads 
/usr/bin/ld: cannot find -lpthreads
collect2: error: ld returned 1 exit status
CMakeFiles/cmTC_d8f2b.dir/build.make:98: recipe for target 'cmTC_d8f2b' failed
make[1]: *** [cmTC_d8f2b] Error 1
make[1]: Leaving directory '/lhome/micmink/fad/repos/github/udacity_robotics/localization/project/catkin_ws/build/CMakeFiles/CMakeTmp'
Makefile:127: recipe for target 'cmTC_d8f2b/fast' failed
make: *** [cmTC_d8f2b/fast] Error 2



Determining if the include file pgm.h exists failed with the following output:
Change Dir: /lhome/micmink/fad/repos/github/udacity_robotics/localization/project/catkin_ws/build/CMakeFiles/CMakeTmp

Run Build Command(s):/usr/bin/make -f Makefile cmTC_df977/fast && make[1]: Entering directory '/lhome/micmink/fad/repos/github/udacity_robotics/localization/project/catkin_ws/build/CMakeFiles/CMakeTmp'
/usr/bin/make  -f CMakeFiles/cmTC_df977.dir/build.make CMakeFiles/cmTC_df977.dir/build
make[2]: Entering directory '/lhome/micmink/fad/repos/github/udacity_robotics/localization/project/catkin_ws/build/CMakeFiles/CMakeTmp'
Building CXX object CMakeFiles/cmTC_df977.dir/CheckIncludeFile.cxx.o
/usr/bin/c++    -o CMakeFiles/cmTC_df977.dir/CheckIncludeFile.cxx.o -c /lhome/micmink/fad/repos/github/udacity_robotics/localization/project/catkin_ws/build/CMakeFiles/CMakeTmp/CheckIncludeFile.cxx
/lhome/micmink/fad/repos/github/udacity_robotics/localization/project/catkin_ws/build/CMakeFiles/CMakeTmp/CheckIncludeFile.cxx:1:10: fatal error: pgm.h: No such file or directory
 #include <pgm.h>
          ^~~~~~~
compilation terminated.
CMakeFiles/cmTC_df977.dir/build.make:77: recipe for target 'CMakeFiles/cmTC_df977.dir/CheckIncludeFile.cxx.o' failed
make[2]: *** [CMakeFiles/cmTC_df977.dir/CheckIncludeFile.cxx.o] Error 1
make[2]: Leaving directory '/lhome/micmink/fad/repos/github/udacity_robotics/localization/project/catkin_ws/build/CMakeFiles/CMakeTmp'
Makefile:127: recipe for target 'cmTC_df977/fast' failed
make[1]: *** [cmTC_df977/fast] Error 2
make[1]: Leaving directory '/lhome/micmink/fad/repos/github/udacity_robotics/localization/project/catkin_ws/build/CMakeFiles/CMakeTmp'



