Performing C SOURCE FILE Test CMAKE_HAVE_LIBC_PTHREAD failed with the following output:
Change Dir: /lhome/micmink/fad/repos/github/udacity_robotics/go_chase_it/catkin_ws/build/CMakeFiles/CMakeTmp

Run Build Command(s):/usr/bin/make -f Makefile cmTC_54619/fast && /usr/bin/make  -f CMakeFiles/cmTC_54619.dir/build.make CMakeFiles/cmTC_54619.dir/build
make[1]: Entering directory '/lhome/micmink/fad/repos/github/udacity_robotics/go_chase_it/catkin_ws/build/CMakeFiles/CMakeTmp'
Building C object CMakeFiles/cmTC_54619.dir/src.c.o
/usr/bin/cc -DCMAKE_HAVE_LIBC_PTHREAD   -o CMakeFiles/cmTC_54619.dir/src.c.o -c /lhome/micmink/fad/repos/github/udacity_robotics/go_chase_it/catkin_ws/build/CMakeFiles/CMakeTmp/src.c
Linking C executable cmTC_54619
/usr/local/bin/cmake -E cmake_link_script CMakeFiles/cmTC_54619.dir/link.txt --verbose=1
/usr/bin/cc -rdynamic CMakeFiles/cmTC_54619.dir/src.c.o -o cmTC_54619 
CMakeFiles/cmTC_54619.dir/src.c.o: In function `main':
src.c:(.text+0x3e): undefined reference to `pthread_create'
src.c:(.text+0x4a): undefined reference to `pthread_detach'
src.c:(.text+0x56): undefined reference to `pthread_cancel'
src.c:(.text+0x67): undefined reference to `pthread_join'
src.c:(.text+0x7b): undefined reference to `pthread_atfork'
collect2: error: ld returned 1 exit status
CMakeFiles/cmTC_54619.dir/build.make:98: recipe for target 'cmTC_54619' failed
make[1]: *** [cmTC_54619] Error 1
make[1]: Leaving directory '/lhome/micmink/fad/repos/github/udacity_robotics/go_chase_it/catkin_ws/build/CMakeFiles/CMakeTmp'
Makefile:127: recipe for target 'cmTC_54619/fast' failed
make: *** [cmTC_54619/fast] Error 2


Source file was:
#include <pthread.h>

static void* test_func(void* data)
{
  return data;
}

int main(void)
{
  pthread_t thread;
  pthread_create(&thread, NULL, test_func, NULL);
  pthread_detach(thread);
  pthread_cancel(thread);
  pthread_join(thread, NULL);
  pthread_atfork(NULL, NULL, NULL);
  pthread_exit(NULL);

  return 0;
}

Determining if the function pthread_create exists in the pthreads failed with the following output:
Change Dir: /lhome/micmink/fad/repos/github/udacity_robotics/go_chase_it/catkin_ws/build/CMakeFiles/CMakeTmp

Run Build Command(s):/usr/bin/make -f Makefile cmTC_1394a/fast && /usr/bin/make  -f CMakeFiles/cmTC_1394a.dir/build.make CMakeFiles/cmTC_1394a.dir/build
make[1]: Entering directory '/lhome/micmink/fad/repos/github/udacity_robotics/go_chase_it/catkin_ws/build/CMakeFiles/CMakeTmp'
Building C object CMakeFiles/cmTC_1394a.dir/CheckFunctionExists.c.o
/usr/bin/cc   -DCHECK_FUNCTION_EXISTS=pthread_create -o CMakeFiles/cmTC_1394a.dir/CheckFunctionExists.c.o -c /usr/local/share/cmake-3.20/Modules/CheckFunctionExists.c
Linking C executable cmTC_1394a
/usr/local/bin/cmake -E cmake_link_script CMakeFiles/cmTC_1394a.dir/link.txt --verbose=1
/usr/bin/cc  -DCHECK_FUNCTION_EXISTS=pthread_create -rdynamic CMakeFiles/cmTC_1394a.dir/CheckFunctionExists.c.o -o cmTC_1394a  -lpthreads 
/usr/bin/ld: cannot find -lpthreads
collect2: error: ld returned 1 exit status
CMakeFiles/cmTC_1394a.dir/build.make:98: recipe for target 'cmTC_1394a' failed
make[1]: *** [cmTC_1394a] Error 1
make[1]: Leaving directory '/lhome/micmink/fad/repos/github/udacity_robotics/go_chase_it/catkin_ws/build/CMakeFiles/CMakeTmp'
Makefile:127: recipe for target 'cmTC_1394a/fast' failed
make: *** [cmTC_1394a/fast] Error 2



