Performing C SOURCE FILE Test CMAKE_HAVE_LIBC_PTHREAD failed with the following output:
Change Dir: /lhome/micmink/fad/repos/github/udacity_robotics/chapter5_mapping_and_slam/map_my_world/catkin_ws/build/CMakeFiles/CMakeTmp

Run Build Command(s):/usr/bin/make -f Makefile cmTC_e4bc1/fast && /usr/bin/make  -f CMakeFiles/cmTC_e4bc1.dir/build.make CMakeFiles/cmTC_e4bc1.dir/build
make[1]: Entering directory '/lhome/micmink/fad/repos/github/udacity_robotics/chapter5_mapping_and_slam/map_my_world/catkin_ws/build/CMakeFiles/CMakeTmp'
Building C object CMakeFiles/cmTC_e4bc1.dir/src.c.o
/usr/bin/cc -DCMAKE_HAVE_LIBC_PTHREAD   -o CMakeFiles/cmTC_e4bc1.dir/src.c.o -c /lhome/micmink/fad/repos/github/udacity_robotics/chapter5_mapping_and_slam/map_my_world/catkin_ws/build/CMakeFiles/CMakeTmp/src.c
Linking C executable cmTC_e4bc1
/usr/local/bin/cmake -E cmake_link_script CMakeFiles/cmTC_e4bc1.dir/link.txt --verbose=1
/usr/bin/cc -rdynamic CMakeFiles/cmTC_e4bc1.dir/src.c.o -o cmTC_e4bc1 
CMakeFiles/cmTC_e4bc1.dir/src.c.o: In function `main':
src.c:(.text+0x3e): undefined reference to `pthread_create'
src.c:(.text+0x4a): undefined reference to `pthread_detach'
src.c:(.text+0x56): undefined reference to `pthread_cancel'
src.c:(.text+0x67): undefined reference to `pthread_join'
src.c:(.text+0x7b): undefined reference to `pthread_atfork'
collect2: error: ld returned 1 exit status
CMakeFiles/cmTC_e4bc1.dir/build.make:98: recipe for target 'cmTC_e4bc1' failed
make[1]: *** [cmTC_e4bc1] Error 1
make[1]: Leaving directory '/lhome/micmink/fad/repos/github/udacity_robotics/chapter5_mapping_and_slam/map_my_world/catkin_ws/build/CMakeFiles/CMakeTmp'
Makefile:127: recipe for target 'cmTC_e4bc1/fast' failed
make: *** [cmTC_e4bc1/fast] Error 2


Source file was:
#include <pthread.h>

static void* test_func(void* data)
{
  return data;
}

int main(void)
{
  pthread_t thread;
  pthread_create(&thread, NULL, test_func, NULL);
  pthread_detach(thread);
  pthread_cancel(thread);
  pthread_join(thread, NULL);
  pthread_atfork(NULL, NULL, NULL);
  pthread_exit(NULL);

  return 0;
}

Determining if the function pthread_create exists in the pthreads failed with the following output:
Change Dir: /lhome/micmink/fad/repos/github/udacity_robotics/chapter5_mapping_and_slam/map_my_world/catkin_ws/build/CMakeFiles/CMakeTmp

Run Build Command(s):/usr/bin/make -f Makefile cmTC_a95d6/fast && /usr/bin/make  -f CMakeFiles/cmTC_a95d6.dir/build.make CMakeFiles/cmTC_a95d6.dir/build
make[1]: Entering directory '/lhome/micmink/fad/repos/github/udacity_robotics/chapter5_mapping_and_slam/map_my_world/catkin_ws/build/CMakeFiles/CMakeTmp'
Building C object CMakeFiles/cmTC_a95d6.dir/CheckFunctionExists.c.o
/usr/bin/cc   -DCHECK_FUNCTION_EXISTS=pthread_create -o CMakeFiles/cmTC_a95d6.dir/CheckFunctionExists.c.o -c /usr/local/share/cmake-3.20/Modules/CheckFunctionExists.c
Linking C executable cmTC_a95d6
/usr/local/bin/cmake -E cmake_link_script CMakeFiles/cmTC_a95d6.dir/link.txt --verbose=1
/usr/bin/cc  -DCHECK_FUNCTION_EXISTS=pthread_create -rdynamic CMakeFiles/cmTC_a95d6.dir/CheckFunctionExists.c.o -o cmTC_a95d6  -lpthreads 
/usr/bin/ld: cannot find -lpthreads
collect2: error: ld returned 1 exit status
CMakeFiles/cmTC_a95d6.dir/build.make:98: recipe for target 'cmTC_a95d6' failed
make[1]: *** [cmTC_a95d6] Error 1
make[1]: Leaving directory '/lhome/micmink/fad/repos/github/udacity_robotics/chapter5_mapping_and_slam/map_my_world/catkin_ws/build/CMakeFiles/CMakeTmp'
Makefile:127: recipe for target 'cmTC_a95d6/fast' failed
make: *** [cmTC_a95d6/fast] Error 2



Determining if the include file pgm.h exists failed with the following output:
Change Dir: /lhome/micmink/fad/repos/github/udacity_robotics/chapter5_mapping_and_slam/map_my_world/catkin_ws/build/CMakeFiles/CMakeTmp

Run Build Command(s):/usr/bin/make -f Makefile cmTC_1a231/fast && /usr/bin/make  -f CMakeFiles/cmTC_1a231.dir/build.make CMakeFiles/cmTC_1a231.dir/build
make[1]: Entering directory '/lhome/micmink/fad/repos/github/udacity_robotics/chapter5_mapping_and_slam/map_my_world/catkin_ws/build/CMakeFiles/CMakeTmp'
Building CXX object CMakeFiles/cmTC_1a231.dir/CheckIncludeFile.cxx.o
/usr/bin/c++    -o CMakeFiles/cmTC_1a231.dir/CheckIncludeFile.cxx.o -c /lhome/micmink/fad/repos/github/udacity_robotics/chapter5_mapping_and_slam/map_my_world/catkin_ws/build/CMakeFiles/CMakeTmp/CheckIncludeFile.cxx
/lhome/micmink/fad/repos/github/udacity_robotics/chapter5_mapping_and_slam/map_my_world/catkin_ws/build/CMakeFiles/CMakeTmp/CheckIncludeFile.cxx:1:10: fatal error: pgm.h: No such file or directory
 #include <pgm.h>
          ^~~~~~~
compilation terminated.
CMakeFiles/cmTC_1a231.dir/build.make:77: recipe for target 'CMakeFiles/cmTC_1a231.dir/CheckIncludeFile.cxx.o' failed
make[1]: *** [CMakeFiles/cmTC_1a231.dir/CheckIncludeFile.cxx.o] Error 1
make[1]: Leaving directory '/lhome/micmink/fad/repos/github/udacity_robotics/chapter5_mapping_and_slam/map_my_world/catkin_ws/build/CMakeFiles/CMakeTmp'
Makefile:127: recipe for target 'cmTC_1a231/fast' failed
make: *** [cmTC_1a231/fast] Error 2



